memory profiling: sample.interval=10000
:311816:626683:27890128:0:"runif" "generuj" 
:282791:553179:25046672:0:"runif" "generuj" 
:282791:553179:25046672:0:"runif" "generuj" 
:258154:1528776:24767120:0:"runif" "generuj" 
:258154:1528776:24767120:0:"runif" "generuj" 
:258154:1528776:24767120:0:"runif" "generuj" 
:258154:1528776:24767120:0:"runif" "generuj" 
:258183:1529089:24768688:0:"rexp" "generuj" 
:258183:1529089:24768688:0:"rexp" "generuj" 
:258183:1529089:24768688:0:"rexp" "generuj" 
:258183:1529089:24768688:0:"rexp" "generuj" 
:258210:1529402:24770088:0:"rnorm" "generuj" 
:258210:1529402:24770088:0:"rnorm" "generuj" 
:258210:1529402:24770088:0:"rnorm" "generuj" 
:258210:1529402:24770088:0:"rnorm" "generuj" 
:258218:1579715:24776192:1:"lapply" "sapply" "replicate" "wypisuj" 
:263048:1200547:26720512:0:"rnorm" "FUN" "lapply" "sapply" "replicate" "wypisuj" 
:269078:2143929:30097256:0:"rnorm" "FUN" "lapply" "sapply" "replicate" "wypisuj" 
:270497:1634365:28534520:0:"rnorm" "FUN" "lapply" "sapply" "replicate" "wypisuj" 
:276136:1787109:29342936:0:"rnorm" "FUN" "lapply" "sapply" "replicate" "wypisuj" 
:280208:1697591:29282344:0:"rnorm" "FUN" "lapply" "sapply" "replicate" "wypisuj" 
:285276:1766451:29787128:0:"lapply" "sapply" "replicate" "wypisuj" 
:289804:1751740:29996008:0:"rnorm" "FUN" "lapply" "sapply" "replicate" "wypisuj" 
:292355:1430289:29103424:0:"rnorm" "FUN" "lapply" "sapply" "replicate" "wypisuj" 
:298790:1719188:30393944:0:"rnorm" "FUN" "lapply" "sapply" "replicate" "wypisuj" 
:303276:1705729:30600920:0:"lapply" "sapply" "replicate" "wypisuj" 
:305801:1387408:29717632:0:"FUN" "lapply" "sapply" "replicate" "wypisuj" 
:309934:1323243:29742048:0:"rnorm" "FUN" "lapply" "sapply" "replicate" "wypisuj" 
:311710:892868:28454496:0:"rnorm" "FUN" "lapply" "sapply" "replicate" "wypisuj" 
:319166:2059732:32629856:0:"rnorm" "FUN" "lapply" "sapply" "replicate" "wypisuj" 
:319160:1352665:30352224:0:"rnorm" "FUN" "lapply" "sapply" "replicate" "wypisuj" 
:322663:1197104:30047360:0:"lapply" "sapply" "replicate" "wypisuj" 
:324413:769546:28768824:0:"rnorm" "FUN" "lapply" "sapply" "replicate" "wypisuj" 
:332556:2044082:33328624:0:"rnorm" "FUN" "lapply" "sapply" "replicate" "wypisuj" 
:333600:1508539:31662176:0:"rnorm" "FUN" "lapply" "sapply" "replicate" "wypisuj" 
:339947:1804950:32972912:0:"rnorm" "FUN" "lapply" "sapply" "replicate" "wypisuj" 
:342127:1452199:31957800:0:"rnorm" "FUN" "lapply" "sapply" "replicate" "wypisuj" 
:348606:1773963:33357576:0:"rnorm" "FUN" "lapply" "sapply" "replicate" "wypisuj" 
:353160:1797125:33686968:0:"rnorm" "FUN" "lapply" "sapply" "replicate" "wypisuj" 
:357076:1722944:33667144:0:"rnorm" "FUN" "lapply" "sapply" "replicate" "wypisuj" 
:359107:1356108:32598496:0:"lapply" "sapply" "replicate" "wypisuj" 
:397371:1190058:42022400:0:"FUN" "lapply" "unlist" "unique" "simplify2array" "sapply" "replicate" "wypisuj" 
:458227:784410:39560752:0:"unlist" "unique" "simplify2array" "sapply" "replicate" "wypisuj" 
:458239:1112978:39565456:1:"runif" "generuj" 
:358210:1679089:30372216:0:"runif" "generuj" 
:358213:1679402:30372944:0:"rexp" "generuj" 
:358213:1679402:30372944:0:"rexp" "generuj" 
:358213:1679402:30372944:0:"rexp" "generuj" 
:358213:1679402:30372944:0:"rexp" "generuj" 
:258178:1528776:24768016:0:"rexp" "generuj" 
:258178:1528776:24768016:0:"rexp" "generuj" 
:258180:2529089:24768856:0:"rnorm" "generuj" 
:258180:2529089:24768856:0:"rnorm" "generuj" 
:258180:2529089:24768856:0:"rnorm" "generuj" 
:258180:2529089:24768856:0:"rnorm" "generuj" 
:258180:2529089:24768856:0:"rnorm" "generuj" 
:258180:2529089:24768856:0:"rnorm" "generuj" 
:258180:2529089:24768856:0:"rnorm" "generuj" 
:258180:2529089:24768856:0:"rnorm" "generuj" 
:258180:2529089:24768856:0:"rnorm" "generuj" 
:266094:1898537:29141560:1:"rnorm" "FUN" "lapply" "sapply" "replicate" "wypisuj" 
:271242:1473483:32024440:0:"rnorm" "FUN" "lapply" "sapply" "replicate" "wypisuj" 
:272651:1912309:29552880:0:"rnorm" "FUN" "lapply" "sapply" "replicate" "wypisuj" 
:277671:2697939:32364080:0:"rnorm" "FUN" "lapply" "sapply" "replicate" "wypisuj" 
:277671:2697939:32364080:0:"rnorm" "FUN" "lapply" "sapply" "replicate" "wypisuj" 
:278441:1809332:29545320:0:"rnorm" "FUN" "lapply" "sapply" "replicate" "wypisuj" 
:284079:1694148:32702544:0:"rnorm" "FUN" "lapply" "sapply" "replicate" "wypisuj" 
:285374:1887895:30187304:0:"rnorm" "FUN" "lapply" "sapply" "replicate" "wypisuj" 
:290468:1522311:33039944:0:"rnorm" "FUN" "lapply" "sapply" "replicate" "wypisuj" 
:291788:1888834:30549288:0:"rnorm" "FUN" "lapply" "sapply" "replicate" "wypisuj" 
:296834:1513547:33375048:0:"rnorm" "FUN" "lapply" "sapply" "replicate" "wypisuj" 
:298170:1888208:30904440:0:"rnorm" "FUN" "lapply" "sapply" "replicate" "wypisuj" 
:303180:1635304:33710040:0:"rnorm" "FUN" "lapply" "sapply" "replicate" "wypisuj" 
:304541:1889147:31264016:0:"rnorm" "FUN" "lapply" "sapply" "replicate" "wypisuj" 
:309505:1483812:34043856:0:"rnorm" "FUN" "lapply" "sapply" "replicate" "wypisuj" 
:310649:1852213:31486896:0:"rnorm" "FUN" "lapply" "sapply" "replicate" "wypisuj" 
:315809:810862:34376496:0:"rnorm" "FUN" "lapply" "sapply" "replicate" "wypisuj" 
:317935:2003079:32380544:0:"rnorm" "FUN" "lapply" "sapply" "replicate" "wypisuj" 
:322768:1773024:31910088:0:"rnorm" "FUN" "lapply" "sapply" "replicate" "wypisuj" 
:328354:1188966:35038248:0:"rnorm" "FUN" "lapply" "sapply" "replicate" "wypisuj" 
:330863:2057228:33277496:0:"rnorm" "FUN" "lapply" "sapply" "replicate" "wypisuj" 
:330059:951712:29672160:0:"lapply" "sapply" "replicate" "wypisuj" 
:339579:2441279:35003136:0:"rnorm" "FUN" "lapply" "sapply" "replicate" "wypisuj" 
:338412:1282240:31204936:0:"rnorm" "FUN" "lapply" "sapply" "replicate" "wypisuj" 
:347014:2628453:36022056:0:"rnorm" "FUN" "lapply" "sapply" "replicate" "wypisuj" 
:348050:1817470:33468120:0:"rnorm" "FUN" "lapply" "sapply" "replicate" "wypisuj" 
:353192:2107308:36347640:0:"rnorm" "FUN" "lapply" "sapply" "replicate" "wypisuj" 
:353873:1758939:33605488:0:"rnorm" "FUN" "lapply" "sapply" "replicate" "wypisuj" 
:359351:1738281:36673168:0:"rnorm" "FUN" "lapply" "sapply" "replicate" "wypisuj" 
:361319:1957694:34662208:0:"rnorm" "FUN" "lapply" "sapply" "replicate" "wypisuj" 
:389654:2353792:41647088:0:"lapply" "unlist" "unique" "simplify2array" "sapply" "replicate" "wypisuj" 
:420612:2353792:48581736:0:"FUN" "lapply" "unlist" "unique" "simplify2array" "sapply" "replicate" "wypisuj" 
:438850:1108678:52666880:0:"lapply" "unlist" "unique" "simplify2array" "sapply" "replicate" "wypisuj" 
:458205:1114230:40082168:1:"runif" "generuj" 
:458205:2114230:40082224:0:"runif" "generuj" 
:458205:2114230:40082224:0:"runif" "generuj" 
:458196:1833471:35984816:0:"rexp" "generuj" 
:458196:1833471:35984816:0:"rexp" "generuj" 
:458196:1833471:35984816:0:"rexp" "generuj" 
:458197:1833784:35985376:0:"rnorm" "generuj" 
:458197:1833784:35985376:0:"rnorm" "generuj" 
:458197:1833784:35985376:0:"rnorm" "generuj" 
:458197:1833784:35985376:0:"rnorm" "generuj" 
:458197:1833784:35985376:0:"rnorm" "generuj" 
:458517:2032612:36166424:1:"rnorm" "FUN" "lapply" "sapply" "replicate" "wypisuj" 
:463206:1502425:37938208:0:"rnorm" "FUN" "lapply" "sapply" "replicate" "wypisuj" 
:469618:1337787:41528928:0:"rnorm" "FUN" "lapply" "sapply" "replicate" "wypisuj" 
:474449:1307739:41784120:0:"rnorm" "FUN" "lapply" "sapply" "replicate" "wypisuj" 
:477483:2217943:41040888:0:"FUN" "lapply" "sapply" "replicate" "wypisuj" 
:480060:1865505:40050640:0:"rnorm" "FUN" "lapply" "sapply" "replicate" "wypisuj" 
:484060:2491505:42290640:0:"rnorm" "FUN" "lapply" "sapply" "replicate" "wypisuj" 
:389907:2500822:37533664:0:"rnorm" "FUN" "lapply" "sapply" "replicate" "wypisuj" 
:388674:1430049:34016024:0:"rnorm" "FUN" "lapply" "sapply" "replicate" "wypisuj" 
:396018:1294833:38128664:0:"rnorm" "FUN" "lapply" "sapply" "replicate" "wypisuj" 
:399104:2187509:37039240:0:"rnorm" "FUN" "lapply" "sapply" "replicate" "wypisuj" 
:403204:1957454:36526784:0:"rnorm" "FUN" "lapply" "sapply" "replicate" "wypisuj" 
:408331:1890472:36598912:0:"rnorm" "FUN" "lapply" "sapply" "replicate" "wypisuj" 
:410731:1400001:35153552:0:"rnorm" "FUN" "lapply" "sapply" "replicate" "wypisuj" 
:418127:1294833:39295312:0:"rnorm" "FUN" "lapply" "sapply" "replicate" "wypisuj" 
:421342:2197525:38315928:0:"rnorm" "FUN" "lapply" "sapply" "replicate" "wypisuj" 
:425374:1968096:37802632:0:"rnorm" "FUN" "lapply" "sapply" "replicate" "wypisuj" 
:426653:1311109:35757288:0:"rnorm" "FUN" "lapply" "sapply" "replicate" "wypisuj" 
:434513:2540886:40158832:0:"rnorm" "FUN" "lapply" "sapply" "replicate" "wypisuj" 
:439827:2518350:40382832:0:"lapply" "sapply" "replicate" "wypisuj" 
:441322:1900488:38477320:0:"rnorm" "FUN" "lapply" "sapply" "replicate" "wypisuj" 
:447187:1969348:39027296:0:"rnorm" "FUN" "lapply" "sapply" "replicate" "wypisuj" 
:452595:1969661:39330928:0:"rnorm" "FUN" "lapply" "sapply" "replicate" "wypisuj" 
:457984:1969974:39633496:0:"rnorm" "FUN" "lapply" "sapply" "replicate" "wypisuj" 
:491501:1592336:45215688:0:"lapply" "unlist" "unique" "simplify2array" "sapply" "replicate" "wypisuj" 
:524765:1592336:52666880:0:"lapply" "unlist" "unique" "simplify2array" "sapply" "replicate" "wypisuj" 
:558200:1114856:47560296:1:"unique.default" "unique" "simplify2array" "sapply" "replicate" "wypisuj" 
:558208:2264856:47562872:0:"runif" "generuj" 
:558208:2264856:47562872:0:"runif" "generuj" 
:558199:1984097:41588288:0:"rexp" "generuj" 
:558199:1984097:41588288:0:"rexp" "generuj" 
:558201:1984410:41589072:0:"rnorm" "generuj" 
:458181:1829089:35973168:0:"rnorm" "generuj" 
:458181:1829089:35973168:0:"rnorm" "generuj" 
:458181:1829089:35973168:0:"rnorm" "generuj" 
:458181:1829089:35973168:0:"rnorm" "generuj" 
:458181:1829089:35973168:0:"rnorm" "generuj" 
:458586:2041063:36201424:1:"rnorm" "FUN" "lapply" "sapply" "replicate" "wypisuj" 
:465981:1932174:39481400:0:"rnorm" "FUN" "lapply" "sapply" "replicate" "wypisuj" 
:470399:1860497:39497752:0:"rnorm" "FUN" "lapply" "sapply" "replicate" "wypisuj" 
:471354:1249834:37583448:0:"lapply" "sapply" "replicate" "wypisuj" 
:479320:1845473:42044352:0:"rnorm" "FUN" "lapply" "sapply" "replicate" "wypisuj" 
:484133:2454258:42298536:0:"rnorm" "FUN" "lapply" "sapply" "replicate" "wypisuj" 
:488933:1334031:42552384:0:"rnorm" "FUN" "lapply" "sapply" "replicate" "wypisuj" 
:493718:2481802:42805000:0:"rnorm" "FUN" "lapply" "sapply" "replicate" "wypisuj" 
:498487:1334031:43056720:0:"rnorm" "FUN" "lapply" "sapply" "replicate" "wypisuj" 
:503240:2472412:43307544:0:"rnorm" "FUN" "lapply" "sapply" "replicate" "wypisuj" 
:505335:2054557:42078176:0:"lapply" "sapply" "replicate" "wypisuj" 
:508393:1789446:41396208:0:"rnorm" "FUN" "lapply" "sapply" "replicate" "wypisuj" 
:513126:1789446:41661032:0:"rnorm" "FUN" "lapply" "sapply" "replicate" "wypisuj" 
:518773:1934678:42444752:0:"rnorm" "FUN" "lapply" "sapply" "replicate" "wypisuj" 
:523477:1934991:42708960:0:"rnorm" "FUN" "lapply" "sapply" "replicate" "wypisuj" 
:525653:1542176:41565552:0:"rnorm" "FUN" "lapply" "sapply" "replicate" "wypisuj" 
:531490:1724968:42479920:0:"rnorm" "FUN" "lapply" "sapply" "replicate" "wypisuj" 
:537495:1935930:43496320:0:"rnorm" "FUN" "lapply" "sapply" "replicate" "wypisuj" 
:542136:1936243:43757000:0:"rnorm" "FUN" "lapply" "sapply" "replicate" "wypisuj" 
:546761:1936556:44016784:0:"rnorm" "FUN" "lapply" "sapply" "replicate" "wypisuj" 
:550275:1765658:43662192:0:"lapply" "sapply" "replicate" "wypisuj" 
:552514:1397257:42601720:0:"FUN" "lapply" "sapply" "replicate" "wypisuj" 
:559027:1328710:46248496:0:"rnorm" "FUN" "lapply" "sapply" "replicate" "wypisuj" 
:579118:2257534:49426216:0:"lapply" "unlist" "unique" "simplify2array" "sapply" "replicate" "wypisuj" 
:601150:1084410:45898104:0:"lapply" "unlist" "unique" "simplify2array" "sapply" "replicate" "wypisuj" 
:631368:1084410:52666880:0:"lapply" "unlist" "unique" "simplify2array" "sapply" "replicate" "wypisuj" 
:658183:1129089:51685536:0:"unlist" "unique" "simplify2array" "sapply" "replicate" "wypisuj" 
:658195:1410161:51690184:1:"runif" "generuj" 
:658195:1410161:51690184:0:"runif" "generuj" 
:658195:1410161:51690184:0:"runif" "generuj" 
:258177:1528776:24768072:0:"runif" "generuj" 
:258177:1528776:24768072:0:"runif" "generuj" 
:258177:1528776:24768072:0:"runif" "generuj" 
:258180:2529089:24768856:0:"rexp" "generuj" 
:258180:2529089:24768856:0:"rexp" "generuj" 
:258180:2529089:24768856:0:"rexp" "generuj" 
:258180:2529089:24768856:0:"rexp" "generuj" 
:258182:1529402:24769640:0:"rnorm" "generuj" 
:258178:1529089:24768632:0:"rnorm" "generuj" 
:258178:1529089:24768632:0:"rnorm" "generuj" 
:258178:1529089:24768632:0:"rnorm" "generuj" 
:258178:1529089:24768632:0:"rnorm" "generuj" 
:258178:1529089:24768632:0:"rnorm" "generuj" 
:258178:1529089:24768632:0:"rnorm" "generuj" 
:258178:1529089:24768632:0:"rnorm" "generuj" 
:258186:1579402:24774680:1:"lapply" "sapply" "replicate" "wypisuj" 
:264779:1710737:28466648:0:"rnorm" "FUN" "lapply" "sapply" "replicate" "wypisuj" 
:268268:1742350:28759920:0:"rnorm" "FUN" "lapply" "sapply" "replicate" "wypisuj" 
:274395:2173977:32190536:0:"rnorm" "FUN" "lapply" "sapply" "replicate" "wypisuj" 
:273659:1575208:28523320:0:"rnorm" "FUN" "lapply" "sapply" "replicate" "wypisuj" 
:280373:2625949:32283160:0:"rnorm" "FUN" "lapply" "sapply" "replicate" "wypisuj" 
:274372:679089:25677568:0:"rnorm" "FUN" "lapply" "sapply" "replicate" "wypisuj" 
:278519:1328251:28000280:0:"rnorm" "FUN" "lapply" "sapply" "replicate" "wypisuj" 
:287210:2183993:32866848:0:"rnorm" "FUN" "lapply" "sapply" "replicate" "wypisuj" 
:288480:1882887:30343208:0:"rnorm" "FUN" "lapply" "sapply" "replicate" "wypisuj" 
:293588:1855030:33203632:0:"rnorm" "FUN" "lapply" "sapply" "replicate" "wypisuj" 
:292939:1579590:29615936:0:"rnorm" "FUN" "lapply" "sapply" "replicate" "wypisuj" 
:299945:1056254:33539240:0:"rnorm" "FUN" "lapply" "sapply" "replicate" "wypisuj" 
:305189:2498558:33262152:0:"rnorm" "FUN" "lapply" "sapply" "replicate" "wypisuj" 
:306993:1786483:31069752:0:"rnorm" "FUN" "lapply" "sapply" "replicate" "wypisuj" 
:311655:1525128:30488248:0:"lapply" "sapply" "replicate" "wypisuj" 
:318216:2552081:34162632:0:"rnorm" "FUN" "lapply" "sapply" "replicate" "wypisuj" 
:319446:1756435:31669904:0:"rnorm" "FUN" "lapply" "sapply" "replicate" "wypisuj" 
:325158:1912935:34868624:0:"rnorm" "FUN" "lapply" "sapply" "replicate" "wypisuj" 
:324979:1637808:31597496:0:"rnorm" "FUN" "lapply" "sapply" "replicate" "wypisuj" 
:331409:2644103:35198296:0:"rnorm" "FUN" "lapply" "sapply" "replicate" "wypisuj" 
:331998:1755183:32368336:0:"rnorm" "FUN" "lapply" "sapply" "replicate" "wypisuj" 
:337639:1041856:35526792:0:"rnorm" "FUN" "lapply" "sapply" "replicate" "wypisuj" 
:337606:1654710:32358592:0:"rnorm" "FUN" "lapply" "sapply" "replicate" "wypisuj" 
:343848:2631583:35854112:0:"rnorm" "FUN" "lapply" "sapply" "replicate" "wypisuj" 
:344452:1751427:33053216:0:"rnorm" "FUN" "lapply" "sapply" "replicate" "wypisuj" 
:350036:1809958:36180256:0:"rnorm" "FUN" "lapply" "sapply" "replicate" "wypisuj" 
:350771:1768955:33463304:0:"rnorm" "FUN" "lapply" "sapply" "replicate" "wypisuj" 
:356205:1811836:36506344:0:"rnorm" "FUN" "lapply" "sapply" "replicate" "wypisuj" 
:357276:1819035:33987688:0:"rnorm" "FUN" "lapply" "sapply" "replicate" "wypisuj" 
:362352:963293:36830192:0:"rnorm" "FUN" "lapply" "sapply" "replicate" "wypisuj" 
:410855:1411349:43866032:0:"lapply" "unlist" "unique" "simplify2array" "sapply" "replicate" "wypisuj" 
:447558:1411349:52087560:0:"lapply" "unlist" "unique" "simplify2array" "sapply" "replicate" "wypisuj" 
:458205:2114543:37678760:1:"runif" "generuj" 
:458205:2114543:37678760:0:"runif" "generuj" 
:458208:1983784:37679488:0:"rexp" "generuj" 
:458196:1833784:35984928:0:"rexp" "generuj" 
:458196:1833784:35984928:0:"rexp" "generuj" 
:458197:1834097:35985488:0:"rnorm" "generuj" 
:458197:1834097:35985488:0:"rnorm" "generuj" 
:458197:1834097:35985488:0:"rnorm" "generuj" 
:458197:1834097:35985488:0:"rnorm" "generuj" 
:458197:1834097:35985488:0:"rnorm" "generuj" 
:458197:1834097:35985488:0:"rnorm" "generuj" 
:458437:2020405:36121848:1:"rnorm" "FUN" "lapply" "sapply" "replicate" "wypisuj" 
:463188:1500234:37928576:0:"lapply" "sapply" "replicate" "wypisuj" 
:469615:2165359:41527864:0:"rnorm" "FUN" "lapply" "sapply" "replicate" "wypisuj" 
:474445:2501208:41783000:0:"rnorm" "FUN" "lapply" "sapply" "replicate" "wypisuj" 
:479257:2496200:42036120:0:"rnorm" "FUN" "lapply" "sapply" "replicate" "wypisuj" 
:484054:2491505:42289408:0:"rnorm" "FUN" "lapply" "sapply" "replicate" "wypisuj" 
:484054:2491505:42289408:0:"rnorm" "FUN" "lapply" "sapply" "replicate" "wypisuj" 
:484054:2491505:42289408:0:"rnorm" "FUN" "lapply" "sapply" "replicate" "wypisuj" 
:285246:1622158:29324568:0:"rnorm" "FUN" "lapply" "sapply" "replicate" "wypisuj" 
:292028:1993689:33122488:0:"rnorm" "FUN" "lapply" "sapply" "replicate" "wypisuj" 
:294978:2143303:31546704:0:"rnorm" "FUN" "lapply" "sapply" "replicate" "wypisuj" 
:298032:1622158:30040136:0:"rnorm" "FUN" "lapply" "sapply" "replicate" "wypisuj" 
:304732:2056915:33792136:0:"rnorm" "FUN" "lapply" "sapply" "replicate" "wypisuj" 
:305341:1770520:30927008:0:"rnorm" "FUN" "lapply" "sapply" "replicate" "wypisuj" 
:311053:1817783:34125728:0:"rnorm" "FUN" "lapply" "sapply" "replicate" "wypisuj" 
:312104:1836876:31518928:0:"rnorm" "FUN" "lapply" "sapply" "replicate" "wypisuj" 
:317353:1144833:34458144:0:"rnorm" "FUN" "lapply" "sapply" "replicate" "wypisuj" 
:323558:2640347:34747944:0:"rnorm" "FUN" "lapply" "sapply" "replicate" "wypisuj" 
:323354:1622784:31459288:0:"rnorm" "FUN" "lapply" "sapply" "replicate" "wypisuj" 
:329890:2056915:35119448:0:"rnorm" "FUN" "lapply" "sapply" "replicate" "wypisuj" 
:330579:1771146:32341456:0:"rnorm" "FUN" "lapply" "sapply" "replicate" "wypisuj" 
:336127:1240298:35448336:0:"rnorm" "FUN" "lapply" "sapply" "replicate" "wypisuj" 
:339233:2146433:34034448:0:"rnorm" "FUN" "lapply" "sapply" "replicate" "wypisuj" 
:336841:796464:29552264:0:"FUN" "lapply" "sapply" "replicate" "wypisuj" 
:346132:2250349:34755224:0:"rnorm" "FUN" "lapply" "sapply" "replicate" "wypisuj" 
:344674:1049994:30806720:0:"rnorm" "FUN" "lapply" "sapply" "replicate" "wypisuj" 
:351842:2171473:34820744:0:"rnorm" "FUN" "lapply" "sapply" "replicate" "wypisuj" 
:351757:1188966:31651144:0:"FUN" "lapply" "sapply" "replicate" "wypisuj" 
:360502:2557402:36548344:0:"rnorm" "FUN" "lapply" "sapply" "replicate" "wypisuj" 
:389319:1877093:40292840:0:"lapply" "unlist" "unique" "simplify2array" "sapply" "replicate" "wypisuj" 
:444560:1876780:52666880:0:"lapply" "unlist" "unique" "simplify2array" "sapply" "replicate" "wypisuj" 
:458204:2113917:38866240:1:"runif" "generuj" 
:458204:2113917:38866240:0:"runif" "generuj" 
:458204:2113917:38866240:0:"runif" "generuj" 
:458195:1833158:35984032:0:"rexp" "generuj" 
:458195:1833158:35984032:0:"rexp" "generuj" 
:458195:1833158:35984032:0:"rexp" "generuj" 
:458195:1833158:35984032:0:"rexp" "generuj" 
:458196:1833471:35984592:0:"rnorm" "generuj" 
:458196:1833471:35984592:0:"rnorm" "generuj" 
:458196:1833471:35984592:0:"rnorm" "generuj" 
:458196:1833471:35984592:0:"rnorm" "generuj" 
:458196:1833471:35984592:0:"rnorm" "generuj" 
:461595:1154369:37889488:1:"rnorm" "FUN" "lapply" "sapply" "replicate" "wypisuj" 
:469620:1520892:41529320:0:"rnorm" "FUN" "lapply" "sapply" "replicate" "wypisuj" 
:474452:1406960:41784568:0:"rnorm" "FUN" "lapply" "sapply" "replicate" "wypisuj" 
:477462:2214187:41027616:0:"lapply" "sapply" "replicate" "wypisuj" 
:480825:1984445:40476800:0:"rnorm" "FUN" "lapply" "sapply" "replicate" "wypisuj" 
:482559:1502738:39022368:0:"FUN" "lapply" "sapply" "replicate" "wypisuj" 
:488848:2486810:42543704:0:"rnorm" "FUN" "lapply" "sapply" "replicate" "wypisuj" 
:390552:1850095:35474152:0:"rnorm" "FUN" "lapply" "sapply" "replicate" "wypisuj" 
:395218:1021897:38087112:0:"rnorm" "FUN" "lapply" "sapply" "replicate" "wypisuj" 
:398717:2252613:37227288:0:"rnorm" "FUN" "lapply" "sapply" "replicate" "wypisuj" 
:398340:1321125:34206312:0:"rnorm" "FUN" "lapply" "sapply" "replicate" "wypisuj" 
:405948:2511777:38466288:0:"FUN" "lapply" "sapply" "replicate" "wypisuj" 
:407139:1828498:36332800:0:"rnorm" "FUN" "lapply" "sapply" "replicate" "wypisuj" 
:411837:1040677:38963680:0:"rnorm" "FUN" "lapply" "sapply" "replicate" "wypisuj" 
:415280:2236024:38100888:0:"rnorm" "FUN" "lapply" "sapply" "replicate" "wypisuj" 
:417130:1661669:36354584:0:"rnorm" "FUN" "lapply" "sapply" "replicate" "wypisuj" 
:422824:1912069:39543224:0:"rnorm" "FUN" "lapply" "sapply" "replicate" "wypisuj" 
:427761:2464514:39535216:0:"rnorm" "FUN" "lapply" "sapply" "replicate" "wypisuj" 
:429183:1829124:37568384:0:"rnorm" "FUN" "lapply" "sapply" "replicate" "wypisuj" 
:433737:1041303:40118624:0:"rnorm" "FUN" "lapply" "sapply" "replicate" "wypisuj" 
:438709:2464827:40148864:0:"rnorm" "FUN" "lapply" "sapply" "replicate" "wypisuj" 
:440095:1829437:38180016:0:"rnorm" "FUN" "lapply" "sapply" "replicate" "wypisuj" 
:444577:1534904:40689936:0:"rnorm" "FUN" "lapply" "sapply" "replicate" "wypisuj" 
:448665:2321473:40243784:0:"FUN" "lapply" "sapply" "replicate" "wypisuj" 
:447601:1308605:36921640:0:"rnorm" "FUN" "lapply" "sapply" "replicate" "wypisuj" 
:455345:2520228:41258224:0:"rnorm" "FUN" "lapply" "sapply" "replicate" "wypisuj" 
:456174:1806588:39005288:0:"lapply" "sapply" "replicate" "wypisuj" 
:460203:1595939:38553200:0:"rnorm" "FUN" "lapply" "sapply" "replicate" "wypisuj" 
:493945:1830216:46401768:0:"lapply" "unlist" "unique" "simplify2array" "sapply" "replicate" "wypisuj" 
:521914:1830216:52666880:0:"lapply" "unlist" "unique" "simplify2array" "sapply" "replicate" "wypisuj" 
:546658:933471:45579520:0:"FUN" "lapply" "unlist" "unique" "simplify2array" "sapply" "replicate" "wypisuj" 
:558207:2264543:48168680:1:"runif" "generuj" 
:558207:2264543:48168680:0:"runif" "generuj" 
:558210:2264856:48169408:0:"rexp" "generuj" 
:558198:1983784:41587448:0:"rexp" "generuj" 
:558198:1983784:41587448:0:"rexp" "generuj" 
:558200:1984097:41588232:0:"rnorm" "generuj" 
:458181:1829089:35973168:0:"rnorm" "generuj" 
:458181:1829089:35973168:0:"rnorm" "generuj" 
:458181:1829089:35973168:0:"rnorm" "generuj" 
:458181:1829089:35973168:0:"rnorm" "generuj" 
:458181:1829089:35973168:0:"rnorm" "generuj" 
:460778:2384111:37428944:1:"rnorm" "FUN" "lapply" "sapply" "replicate" "wypisuj" 
:467859:2226394:40533136:0:"rnorm" "FUN" "lapply" "sapply" "replicate" "wypisuj" 
:469559:1729037:39027352:0:"rnorm" "FUN" "lapply" "sapply" "replicate" "wypisuj" 
:474491:1053270:41789272:0:"rnorm" "FUN" "lapply" "sapply" "replicate" "wypisuj" 
:479320:1178157:42044352:0:"rnorm" "FUN" "lapply" "sapply" "replicate" "wypisuj" 
:482741:2273970:41519072:0:"rnorm" "FUN" "lapply" "sapply" "replicate" "wypisuj" 
:484094:1729976:39843664:0:"rnorm" "FUN" "lapply" "sapply" "replicate" "wypisuj" 
:488928:1178157:42550704:0:"rnorm" "FUN" "lapply" "sapply" "replicate" "wypisuj" 
:493714:1645779:42805000:0:"rnorm" "FUN" "lapply" "sapply" "replicate" "wypisuj" 
:498484:2477107:43056776:0:"rnorm" "FUN" "lapply" "sapply" "replicate" "wypisuj" 
:503238:1186295:43307656:0:"rnorm" "FUN" "lapply" "sapply" "replicate" "wypisuj" 
:507974:2467404:43556520:0:"rnorm" "FUN" "lapply" "sapply" "replicate" "wypisuj" 
:512695:1186295:43805552:0:"rnorm" "FUN" "lapply" "sapply" "replicate" "wypisuj" 
:517400:1842343:44053688:0:"rnorm" "FUN" "lapply" "sapply" "replicate" "wypisuj" 
:522089:2453319:44300928:0:"rnorm" "FUN" "lapply" "sapply" "replicate" "wypisuj" 
:526762:1158438:44547272:0:"rnorm" "FUN" "lapply" "sapply" "replicate" "wypisuj" 
:531421:1158438:44793840:0:"rnorm" "FUN" "lapply" "sapply" "replicate" "wypisuj" 
:536063:2439547:45038448:0:"rnorm" "FUN" "lapply" "sapply" "replicate" "wypisuj" 
:540689:1158438:45282160:0:"rnorm" "FUN" "lapply" "sapply" "replicate" "wypisuj" 
:545299:1158438:45524976:0:"rnorm" "FUN" "lapply" "sapply" "replicate" "wypisuj" 
:549291:2331562:45429832:0:"rnorm" "FUN" "lapply" "sapply" "replicate" "wypisuj" 
:553238:2227959:45316992:0:"rnorm" "FUN" "lapply" "sapply" "replicate" "wypisuj" 
:559037:2416385:46249280:0:"rnorm" "FUN" "lapply" "sapply" "replicate" "wypisuj" 
:593625:2254091:52666880:0:"lapply" "unlist" "unique" "simplify2array" "sapply" "replicate" "wypisuj" 
:617591:1084097:49571536:0:"lapply" "unlist" "unique" "simplify2array" "sapply" "replicate" "wypisuj" 
:631409:1084097:52666880:0:"FUN" "lapply" "unlist" "unique" "simplify2array" "sapply" "replicate" "wypisuj" 
:658187:1310161:51680552:1:"unique.default" "unique" "simplify2array" "sapply" "replicate" "wypisuj" 
:658195:1410161:51683016:0:"runif" "generuj" 
:658195:1410161:51683016:0:"runif" "generuj" 
:658195:1410161:51683016:0:"runif" "generuj" 
:258177:528776:24768016:0:"runif" "generuj" 
:258177:1528776:24768072:0:"runif" "generuj" 
:258177:1528776:24768072:0:"runif" "generuj" 
:258180:1529089:24768800:0:"rexp" "generuj" 
:258180:2529089:24768856:0:"rexp" "generuj" 
:258180:2529089:24768856:0:"rexp" "generuj" 
:258178:1529089:24768632:0:"rnorm" "generuj" 
:258178:1529089:24768632:0:"rnorm" "generuj" 
:258178:1529089:24768632:0:"rnorm" "generuj" 
:258178:1529089:24768632:0:"rnorm" "generuj" 
:258178:1529089:24768632:0:"rnorm" "generuj" 
:258178:1529089:24768632:0:"rnorm" "generuj" 
:264779:1341084:28466648:1:"rnorm" "FUN" "lapply" "sapply" "replicate" "wypisuj" 
:269694:1965519:29557808:0:"lapply" "sapply" "replicate" "wypisuj" 
:275511:1865046:29560440:0:"rnorm" "FUN" "lapply" "sapply" "replicate" "wypisuj" 
:275048:785509:26056912:0:"lapply" "sapply" "replicate" "wypisuj" 
:284301:2233447:31238872:0:"rnorm" "FUN" "lapply" "sapply" "replicate" "wypisuj" 
:288366:1865046:30280544:0:"rnorm" "FUN" "lapply" "sapply" "replicate" "wypisuj" 
:287203:681906:26404952:0:"rnorm" "FUN" "lapply" "sapply" "replicate" "wypisuj" 
:295811:2029058:31225432:0:"rnorm" "FUN" "lapply" "sapply" "replicate" "wypisuj" 
:296445:1130435:28366072:0:"lapply" "sapply" "replicate" "wypisuj" 
:306279:1279110:33872776:0:"rnorm" "FUN" "lapply" "sapply" "replicate" "wypisuj" 
:307402:1850335:31298512:0:"rnorm" "FUN" "lapply" "sapply" "replicate" "wypisuj" 
:310211:1298829:29678936:0:"FUN" "lapply" "sapply" "replicate" "wypisuj" 
:318888:2656623:34538112:0:"rnorm" "FUN" "lapply" "sapply" "replicate" "wypisuj" 
:319965:1837189:31959256:0:"rnorm" "FUN" "lapply" "sapply" "replicate" "wypisuj" 
:324805:1609951:31498264:0:"rnorm" "FUN" "lapply" "sapply" "replicate" "wypisuj" 
:331413:2139860:35198744:0:"rnorm" "FUN" "lapply" "sapply" "replicate" "wypisuj" 
:332402:1817470:32591776:0:"rnorm" "FUN" "lapply" "sapply" "replicate" "wypisuj" 
:337644:1771146:35527296:0:"rnorm" "FUN" "lapply" "sapply" "replicate" "wypisuj" 
:338672:1820600:32952752:0:"rnorm" "FUN" "lapply" "sapply" "replicate" "wypisuj" 
:343854:1697904:35854672:0:"rnorm" "FUN" "lapply" "sapply" "replicate" "wypisuj" 
:348631:2404345:35390152:0:"rnorm" "FUN" "lapply" "sapply" "replicate" "wypisuj" 
:351015:1805889:33596136:0:"rnorm" "FUN" "lapply" "sapply" "replicate" "wypisuj" 
:356213:1616211:36507016:0:"rnorm" "FUN" "lapply" "sapply" "replicate" "wypisuj" 
:359679:2193383:35329000:0:"rnorm" "FUN" "lapply" "sapply" "replicate" "wypisuj" 
:385412:1408219:38158568:0:"lapply" "unlist" "unique" "simplify2array" "sapply" "replicate" "wypisuj" 
:433195:1408219:48862072:0:"lapply" "unlist" "unique" "simplify2array" "sapply" "replicate" "wypisuj" 
:458202:1014230:37669184:1:"unlist" "simplify2array" "sapply" "replicate" "wypisuj" 
:458204:2114230:37670136:0:"runif" "generuj" 
:458207:2114543:37670864:0:"rexp" "generuj" 
:458195:1833471:35984088:0:"rexp" "generuj" 
:458195:1833471:35984088:0:"rexp" "generuj" 
:458195:1833471:35984088:0:"rexp" "generuj" 
:458196:1833784:35984648:0:"rnorm" "generuj" 
:458196:1833784:35984648:0:"rnorm" "generuj" 
:458196:1833784:35984648:0:"rnorm" "generuj" 
:458196:1833784:35984648:0:"rnorm" "generuj" 
:458196:1833784:35984648:0:"rnorm" "generuj" 
:458196:1833784:35984648:0:"rnorm" "generuj" 
:459863:2243574:36919848:1:"lapply" "sapply" "replicate" "wypisuj" 
:464313:1676140:38558016:0:"rnorm" "FUN" "lapply" "sapply" "replicate" "wypisuj" 
:469617:989105:41528200:0:"rnorm" "FUN" "lapply" "sapply" "replicate" "wypisuj" 
:474092:2445494:41584032:0:"rnorm" "FUN" "lapply" "sapply" "replicate" "wypisuj" 
:475783:1951893:40088888:0:"rnorm" "FUN" "lapply" "sapply" "replicate" "wypisuj" 
:480376:1915272:40227264:0:"lapply" "sapply" "replicate" "wypisuj" 
:485167:1912142:40485256:0:"lapply" "sapply" "replicate" "wypisuj" 
:488841:2486810:42542360:0:"rnorm" "FUN" "lapply" "sapply" "replicate" "wypisuj" 
:488841:2486810:42542360:0:"rnorm" "FUN" "lapply" "sapply" "replicate" "wypisuj" 
:488841:2486810:42542360:0:"rnorm" "FUN" "lapply" "sapply" "replicate" "wypisuj" 
:284020:678776:26217800:0:"rnorm" "FUN" "lapply" "sapply" "replicate" "wypisuj" 
:291226:1806515:30253160:0:"rnorm" "FUN" "lapply" "sapply" "replicate" "wypisuj" 
:292667:1032153:27839840:0:"rnorm" "FUN" "lapply" "sapply" "replicate" "wypisuj" 
:301359:2392764:32707416:0:"rnorm" "FUN" "lapply" "sapply" "replicate" "wypisuj" 
:303990:1807767:30971528:0:"rnorm" "FUN" "lapply" "sapply" "replicate" "wypisuj" 
:303656:762660:27586104:0:"lapply" "sapply" "replicate" "wypisuj" 
:315708:2648485:34335000:0:"rnorm" "FUN" "lapply" "sapply" "replicate" "wypisuj" 
:317985:2014973:32422096:0:"rnorm" "FUN" "lapply" "sapply" "replicate" "wypisuj" 
:316774:839032:28567000:0:"rnorm" "FUN" "lapply" "sapply" "replicate" "wypisuj" 
:328329:1605256:35037296:0:"rnorm" "FUN" "lapply" "sapply" "replicate" "wypisuj" 
:334572:1200860:35366520:0:"rnorm" "FUN" "lapply" "sapply" "replicate" "wypisuj" 
:336014:1886643:33017768:0:"rnorm" "FUN" "lapply" "sapply" "replicate" "wypisuj" 
:341561:1778032:32978400:0:"rnorm" "FUN" "lapply" "sapply" "replicate" "wypisuj" 
:346995:1919821:36021440:0:"rnorm" "FUN" "lapply" "sapply" "replicate" "wypisuj" 
:348870:1948617:33936840:0:"rnorm" "FUN" "lapply" "sapply" "replicate" "wypisuj" 
:349155:1023076:30971920:0:"rnorm" "FUN" "lapply" "sapply" "replicate" "wypisuj" 
:356402:2157075:35029736:0:"rnorm" "FUN" "lapply" "sapply" "replicate" "wypisuj" 
:360231:1789300:34059536:0:"rnorm" "FUN" "lapply" "sapply" "replicate" "wypisuj" 
:393852:2357861:42598864:0:"FUN" "lapply" "unlist" "unique" "simplify2array" "sapply" "replicate" "wypisuj" 
:428412:2357861:50340304:0:"FUN" "lapply" "unlist" "unique" "simplify2array" "sapply" "replicate" "wypisuj" 
:444336:782532:36982736:0:"lapply" "unlist" "unique" "simplify2array" "sapply" "replicate" "wypisuj" 
